PLINK v1.90b4.4 64-bit (21 May 2017)
Options in effect:
  --bfile ukb_ALL_AB_mLD
  --homozyg
  --homozyg-match 0.95
  --homozyg-snp 35
  --homozyg-window-het 0
  --homozyg-window-missing 1
  --homozyg-window-snp 35
  --homozyg-window-threshold 0.05
  --memory 200000
  --out ukb_ALL_Hom_mLD_35

Hostname: sh-105-63.int
Working directory: /scratch/users/aldocp/matches
Start time: Tue Feb 12 14:02:56 2019

Random number seed: 1550008976
257669 MB RAM detected; reserving 200000 MB for main workspace.
104917 variants loaded from .bim file.
485173 people (222023 males, 263147 females, 3 ambiguous) loaded from .fam.
Ambiguous sex IDs written to ukb_ALL_Hom_mLD_35.nosex .
Using 1 thread (no multithreaded calculations invoked).
Before main variant filters, 485173 founders and 0 nonfounders present.
Calculating allele frequencies... done.
Warning: Nonmissing nonmale Y chromosome genotype(s) present; many commands
treat these as missing.
Total genotyping rate is 0.997742.
104917 variants and 485173 people pass filters and QC.
Note: No phenotypes present.
--homozyg: Scan complete, found 1546899 ROH.
Results saved to ukb_ALL_Hom_mLD_35.hom + ukb_ALL_Hom_mLD_35.hom.indiv +
ukb_ALL_Hom_mLD_35.hom.summary .
78910 pools of overlapping ROH present.
ROH pool report written to ukb_ALL_Hom_mLD_35.hom.overlap .

End time: Tue Feb 12 14:18:17 2019
